Library/Bee/Android/Prj/IL2CPP/Gradle/launcher/build/intermediates/manifest_merge_blame_file/release/manifest-merger-blame-release-report.txt
1<?xml version="1.0" encoding="utf-8"?>
2<manifest xmlns:android="http://schemas.android.com/apk/res/android"
3    package="com.sample.drawingappsample"
4    android:installLocation="preferExternal"
5    android:versionCode="1"
6    android:versionName="1.0" >
7
8    <uses-sdk
9        android:minSdkVersion="33"
9-->src/main/AndroidManifest.xml
10        android:targetSdkVersion="33" />
10-->src/main/AndroidManifest.xml
11
12    <supports-screens
12-->src/main/AndroidManifest.xml:4:3-163
13        android:anyDensity="true"
13-->src/main/AndroidManifest.xml:4:135-160
14        android:largeScreens="true"
14-->src/main/AndroidManifest.xml:4:78-105
15        android:normalScreens="true"
15-->src/main/AndroidManifest.xml:4:49-77
16        android:smallScreens="true"
16-->src/main/AndroidManifest.xml:4:21-48
17        android:xlargeScreens="true" />
17-->src/main/AndroidManifest.xml:4:106-134
18
19    <uses-permission android:name="android.permission.INTERNET" />
19-->[:unityLibrary] AndroidManifest.xml:10:5-67
19-->[:unityLibrary] AndroidManifest.xml:10:22-64
20
21    <uses-feature android:glEsVersion="0x00030000" />
21-->[:unityLibrary] AndroidManifest.xml:12:5-54
21-->[:unityLibrary] AndroidManifest.xml:12:19-51
22    <uses-feature
22-->[:unityLibrary] AndroidManifest.xml:13:5-15:36
23        android:name="android.hardware.vulkan.version"
23-->[:unityLibrary] AndroidManifest.xml:14:9-55
24        android:required="false" />
24-->[:unityLibrary] AndroidManifest.xml:15:9-33
25    <uses-feature
25-->[:unityLibrary] AndroidManifest.xml:16:5-18:36
26        android:name="android.hardware.touchscreen"
26-->[:unityLibrary] AndroidManifest.xml:17:9-52
27        android:required="false" />
27-->[:unityLibrary] AndroidManifest.xml:18:9-33
28    <uses-feature
28-->[:unityLibrary] AndroidManifest.xml:19:5-21:36
29        android:name="android.hardware.touchscreen.multitouch"
29-->[:unityLibrary] AndroidManifest.xml:20:9-63
30        android:required="false" />
30-->[:unityLibrary] AndroidManifest.xml:21:9-33
31    <uses-feature
31-->[:unityLibrary] AndroidManifest.xml:22:5-24:36
32        android:name="android.hardware.touchscreen.multitouch.distinct"
32-->[:unityLibrary] AndroidManifest.xml:23:9-72
33        android:required="false" />
33-->[:unityLibrary] AndroidManifest.xml:24:9-33
34
35    <application
35-->src/main/AndroidManifest.xml:3:3-83
36        android:extractNativeLibs="true"
36-->[:unityLibrary] AndroidManifest.xml:26:18-50
37        android:icon="@mipmap/app_icon"
37-->src/main/AndroidManifest.xml:3:49-80
38        android:label="@string/app_name" >
38-->src/main/AndroidManifest.xml:3:16-48
39        <meta-data
39-->[:unityLibrary] AndroidManifest.xml:27:9-29:33
40            android:name="unity.splash-mode"
40-->[:unityLibrary] AndroidManifest.xml:28:13-45
41            android:value="0" />
41-->[:unityLibrary] AndroidManifest.xml:29:13-30
42        <meta-data
42-->[:unityLibrary] AndroidManifest.xml:30:9-32:36
43            android:name="unity.splash-enable"
43-->[:unityLibrary] AndroidManifest.xml:31:13-47
44            android:value="True" />
44-->[:unityLibrary] AndroidManifest.xml:32:13-33
45        <meta-data
45-->[:unityLibrary] AndroidManifest.xml:33:9-35:36
46            android:name="unity.launch-fullscreen"
46-->[:unityLibrary] AndroidManifest.xml:34:13-51
47            android:value="True" />
47-->[:unityLibrary] AndroidManifest.xml:35:13-33
48        <meta-data
48-->[:unityLibrary] AndroidManifest.xml:36:9-38:37
49            android:name="unity.allow-resizable-window"
49-->[:unityLibrary] AndroidManifest.xml:37:13-56
50            android:value="False" />
50-->[:unityLibrary] AndroidManifest.xml:38:13-34
51        <meta-data
51-->[:unityLibrary] AndroidManifest.xml:39:9-41:50
52            android:name="notch.config"
52-->[:unityLibrary] AndroidManifest.xml:40:13-40
53            android:value="portrait|landscape" />
53-->[:unityLibrary] AndroidManifest.xml:41:13-47
54        <meta-data
54-->[:unityLibrary] AndroidManifest.xml:42:9-44:36
55            android:name="unity.auto-report-fully-drawn"
55-->[:unityLibrary] AndroidManifest.xml:43:13-57
56            android:value="true" />
56-->[:unityLibrary] AndroidManifest.xml:44:13-33
57
58        <activity
58-->[:unityLibrary] AndroidManifest.xml:46:9-61:20
59            android:name="com.sample.drawingappsample.UnityPlayerCustomActivity"
59-->[:unityLibrary] AndroidManifest.xml:47:13-81
60            android:configChanges="orientation|keyboardHidden|screenSize|smallestScreenSize|layoutDirection|uiMode|screenLayout|density"
60-->[:unityLibrary] AndroidManifest.xml:48:13-137
61            android:exported="true"
61-->[:unityLibrary] AndroidManifest.xml:49:13-36
62            android:label="Drawing App"
62-->[:unityLibrary] AndroidManifest.xml:50:13-40
63            android:screenOrientation="sensorLandscape" >
63-->[:unityLibrary] AndroidManifest.xml:51:13-56
64            <intent-filter>
64-->[:unityLibrary] AndroidManifest.xml:52:13-56:29
65                <category android:name="android.intent.category.LAUNCHER" />
65-->[:unityLibrary] AndroidManifest.xml:53:17-77
65-->[:unityLibrary] AndroidManifest.xml:53:27-74
66
67                <action android:name="android.intent.action.MAIN" />
67-->[:unityLibrary] AndroidManifest.xml:55:17-69
67-->[:unityLibrary] AndroidManifest.xml:55:25-66
68            </intent-filter>
69
70            <meta-data
70-->[:unityLibrary] AndroidManifest.xml:58:13-60:40
71                android:name="notch_support"
71-->[:unityLibrary] AndroidManifest.xml:59:17-45
72                android:value="true" />
72-->[:unityLibrary] AndroidManifest.xml:60:17-37
73        </activity>
74    </application>
75
76</manifest>